Fetched 2 events from Legistar
Wrote cities/portland/legistar_oregon_metro.ics
2026-03-12 15:30:31,568 - INFO - Processing meetup_art_guild.ics...
2026-03-12 15:30:31,569 - INFO -   Fetching image for: https://www.meetup.com/portland-fine-arts-guild/events/313531878/
2026-03-12 15:30:32,636 - INFO -     -> https://secure.meetupstatic.com/photos/event/5/f/600_532920095.jpeg
2026-03-12 15:30:32,636 - INFO -   Fetching image for: https://www.meetup.com/portland-fine-arts-guild/events/313620765/
2026-03-12 15:30:33,471 - INFO -     -> https://secure.meetupstatic.com/photos/event/4/2/7/f/600_532457023.jpeg
2026-03-12 15:30:33,471 - INFO -   Fetching image for: https://www.meetup.com/portland-fine-arts-guild/events/313379022/
2026-03-12 15:30:34,981 - INFO -     -> https://secure.meetupstatic.com/photos/event/4/2/7/f/600_532457023.jpeg
2026-03-12 15:30:34,981 - INFO - meetup_art_guild.ics: added 3 image(s)
2026-03-12 15:30:34,982 - INFO - Processing meetup_arts_craft.ics...
2026-03-12 15:30:34,982 - INFO -   Fetching image for: https://www.meetup.com/portland-arts-and-craft-meetup-group/events/313489917/
2026-03-12 15:30:35,799 - INFO -     -> https://secure.meetupstatic.com/photos/event/9/8/0/600_525722432.jpeg
2026-03-12 15:30:35,799 - INFO -   Fetching image for: https://www.meetup.com/portland-arts-and-craft-meetup-group/events/313582833/
2026-03-12 15:30:36,632 - INFO -     -> https://secure.meetupstatic.com/photos/event/b/9/3/c/600_532367420.jpeg
2026-03-12 15:30:36,632 - INFO -   Fetching image for: https://www.meetup.com/portland-arts-and-craft-meetup-group/events/312703168/
2026-03-12 15:30:37,701 - INFO -     -> https://secure.meetupstatic.com/photos/event/9/8/0/600_525722432.jpeg
2026-03-12 15:30:37,701 - INFO -   Fetching image for: https://www.meetup.com/portland-arts-and-craft-meetup-group/events/313489926/
2026-03-12 15:30:38,528 - INFO -     -> https://secure.meetupstatic.com/photos/event/9/8/0/600_525722432.jpeg
2026-03-12 15:30:38,529 - INFO -   Fetching image for: https://www.meetup.com/portland-arts-and-craft-meetup-group/events/312703187/
2026-03-12 15:30:39,465 - INFO -     -> https://secure.meetupstatic.com/photos/event/9/8/0/600_525722432.jpeg
2026-03-12 15:30:39,465 - INFO -   Fetching image for: https://www.meetup.com/portland-arts-and-craft-meetup-group/events/313489932/
2026-03-12 15:30:40,280 - INFO -     -> https://secure.meetupstatic.com/photos/event/9/8/0/600_525722432.jpeg
2026-03-12 15:30:40,281 - INFO -   Fetching image for: https://www.meetup.com/portland-arts-and-craft-meetup-group/events/313489933/
2026-03-12 15:30:41,153 - INFO -     -> https://secure.meetupstatic.com/photos/event/9/8/0/600_525722432.jpeg
2026-03-12 15:30:41,153 - INFO -   Fetching image for: https://www.meetup.com/portland-arts-and-craft-meetup-group/events/313582847/
2026-03-12 15:30:43,437 - INFO -     -> https://secure.meetupstatic.com/photos/event/b/9/3/c/600_532367420.jpeg
2026-03-12 15:30:43,437 - INFO -   Fetching image for: https://www.meetup.com/portland-arts-and-craft-meetup-group/events/313529095/
2026-03-12 15:30:44,263 - INFO -     -> https://secure.meetupstatic.com/photos/event/9/8/0/600_525722432.jpeg
2026-03-12 15:30:44,263 - INFO -   Fetching image for: https://www.meetup.com/portland-arts-and-craft-meetup-group/events/fbvdwtyjcgbdb/
2026-03-12 15:30:45,084 - INFO -     -> https://secure.meetupstatic.com/photos/event/9/8/0/600_525722432.jpeg
2026-03-12 15:30:45,085 - INFO - meetup_arts_craft.ics: added 10 image(s)
2026-03-12 15:30:45,085 - INFO - Processing meetup_code_for_pdx.ics...
2026-03-12 15:30:45,085 - INFO -   Fetching image for: https://www.meetup.com/codepdx/events/313622282/
2026-03-12 15:30:45,915 - INFO -     -> https://secure.meetupstatic.com/photos/event/d/7/4/d/600_517915117.jpeg
2026-03-12 15:30:45,916 - INFO - meetup_code_for_pdx.ics: added 1 image(s)
2026-03-12 15:30:45,916 - INFO - Processing meetup_coffee_sketch.ics...
2026-03-12 15:30:45,916 - INFO -   Fetching image for: https://www.meetup.com/portland-coffee-sketch-club/events/313479013/
2026-03-12 15:30:47,017 - INFO -     -> https://secure.meetupstatic.com/photos/event/1/9/b/2/600_502686578.jpeg
2026-03-12 15:30:47,017 - INFO -   Fetching image for: https://www.meetup.com/portland-coffee-sketch-club/events/313562297/
2026-03-12 15:30:47,897 - INFO -     -> https://secure.meetupstatic.com/photos/event/1/9/b/2/600_502686578.jpeg
2026-03-12 15:30:47,897 - INFO -   Fetching image for: https://www.meetup.com/portland-coffee-sketch-club/events/313697301/
2026-03-12 15:30:48,734 - INFO -     -> https://secure.meetupstatic.com/photos/event/1/9/b/2/600_502686578.jpeg
2026-03-12 15:30:48,735 - INFO -   Fetching image for: https://www.meetup.com/portland-coffee-sketch-club/events/ltjnvtyjcgbgb/
2026-03-12 15:30:49,551 - INFO -     -> https://secure.meetupstatic.com/photos/event/1/9/b/2/600_502686578.jpeg
2026-03-12 15:30:49,551 - INFO -   Fetching image for: https://www.meetup.com/portland-coffee-sketch-club/events/ltjnvtyjcgbpb/
2026-03-12 15:30:50,411 - INFO -     -> https://secure.meetupstatic.com/photos/event/1/9/b/2/600_502686578.jpeg
2026-03-12 15:30:50,411 - INFO -   Fetching image for: https://www.meetup.com/portland-coffee-sketch-club/events/ltjnvtyjcgbxb/
2026-03-12 15:30:51,265 - INFO -     -> https://secure.meetupstatic.com/photos/event/1/9/b/2/600_502686578.jpeg
2026-03-12 15:30:51,266 - INFO -   Fetching image for: https://www.meetup.com/portland-coffee-sketch-club/events/ltjnvtyjcgbhc/
2026-03-12 15:30:52,124 - INFO -     -> https://secure.meetupstatic.com/photos/event/1/9/b/2/600_502686578.jpeg
2026-03-12 15:30:52,125 - INFO -   Fetching image for: https://www.meetup.com/portland-coffee-sketch-club/events/ltjnvtyjchbdb/
2026-03-12 15:30:52,942 - INFO -     -> https://secure.meetupstatic.com/photos/event/1/9/b/2/600_502686578.jpeg
2026-03-12 15:30:52,942 - INFO -   Fetching image for: https://www.meetup.com/portland-coffee-sketch-club/events/ltjnvtyjchbmb/
2026-03-12 15:30:53,836 - INFO -     -> https://secure.meetupstatic.com/photos/event/1/9/b/2/600_502686578.jpeg
2026-03-12 15:30:53,836 - INFO -   Fetching image for: https://www.meetup.com/portland-coffee-sketch-club/events/ltjnvtyjchbvb/
2026-03-12 15:30:54,656 - INFO -     -> https://secure.meetupstatic.com/photos/event/1/9/b/2/600_502686578.jpeg
2026-03-12 15:30:54,656 - INFO - meetup_coffee_sketch.ics: added 10 image(s)
2026-03-12 15:30:54,656 - INFO - Processing meetup_more_than_reading.ics...
2026-03-12 15:30:54,657 - INFO -   Fetching image for: https://www.meetup.com/itsmorethanjustreadingbooks/events/312921267/
2026-03-12 15:30:55,479 - INFO -     -> https://secure.meetupstatic.com/photos/event/5/4/3/1/600_532281553.jpeg
2026-03-12 15:30:55,479 - INFO -   Fetching image for: https://www.meetup.com/itsmorethanjustreadingbooks/events/313471442/
2026-03-12 15:30:56,298 - INFO -     -> https://secure.meetupstatic.com/photos/event/e/1/0/c/600_532857612.jpeg
2026-03-12 15:30:56,298 - INFO - meetup_more_than_reading.ics: added 2 image(s)
2026-03-12 15:30:56,298 - INFO - Processing meetup_nw_trail_runners.ics...
2026-03-12 15:30:56,299 - INFO -   Fetching image for: https://www.meetup.com/northwest-trail-runners/events/313689618/
2026-03-12 15:30:57,153 - INFO -     -> https://secure.meetupstatic.com/photos/event/b/a/7/1/600_533087729.jpeg
2026-03-12 15:30:57,153 - INFO -   Fetching image for: https://www.meetup.com/northwest-trail-runners/events/313745476/
2026-03-12 15:30:57,969 - INFO -     -> https://secure.meetupstatic.com/photos/event/c/8/5/8/600_533151288.jpeg
2026-03-12 15:30:57,970 - INFO -   Fetching image for: https://www.meetup.com/northwest-trail-runners/events/313135370/
2026-03-12 15:30:58,825 - INFO -     -> https://secure.meetupstatic.com/photos/event/2/2/8/d/600_532508845.jpeg
2026-03-12 15:30:58,826 - INFO - meetup_nw_trail_runners.ics: added 3 image(s)
2026-03-12 15:30:58,826 - INFO - Processing meetup_padnug.ics...
2026-03-12 15:30:58,826 - INFO -   Fetching image for: https://www.meetup.com/padnug/events/312213858/
2026-03-12 15:30:59,684 - INFO -     -> https://secure.meetupstatic.com/photos/event/9/b/3/7/600_451119735.jpeg
2026-03-12 15:30:59,684 - INFO -   Fetching image for: https://www.meetup.com/padnug/events/312214082/
2026-03-12 15:31:00,557 - INFO -     -> https://secure.meetupstatic.com/photos/event/9/b/3/7/600_451119735.jpeg
2026-03-12 15:31:00,557 - INFO -   Fetching image for: https://www.meetup.com/padnug/events/313070682/
2026-03-12 15:31:01,391 - INFO -     -> https://secure.meetupstatic.com/photos/event/9/b/3/7/600_451119735.jpeg
2026-03-12 15:31:01,391 - INFO -   Fetching image for: https://www.meetup.com/padnug/events/313637947/
2026-03-12 15:31:03,422 - INFO -     -> https://secure.meetupstatic.com/photos/event/d/a/9/a/600_533035962.jpeg
2026-03-12 15:31:03,422 - INFO -   Fetching image for: https://www.meetup.com/padnug/events/txfbwtyjcgbsb/
2026-03-12 15:31:04,260 - INFO -     -> https://secure.meetupstatic.com/photos/event/9/b/3/7/600_451119735.jpeg
2026-03-12 15:31:04,260 - INFO -   Fetching image for: https://www.meetup.com/padnug/events/cfllmtyjcgbcc/
2026-03-12 15:31:05,120 - INFO -     -> https://secure.meetupstatic.com/photos/event/9/b/3/7/600_451119735.jpeg
2026-03-12 15:31:05,121 - INFO -   Fetching image for: https://www.meetup.com/padnug/events/312930539/
2026-03-12 15:31:06,013 - INFO -     -> https://secure.meetupstatic.com/photos/event/9/b/3/7/600_451119735.jpeg
2026-03-12 15:31:06,013 - INFO -   Fetching image for: https://www.meetup.com/padnug/events/zffcltyjchbhb/
2026-03-12 15:31:06,863 - INFO -     -> https://secure.meetupstatic.com/photos/event/9/b/3/7/600_451119735.jpeg
2026-03-12 15:31:06,863 - INFO -   Fetching image for: https://www.meetup.com/padnug/events/txfbwtyjchbqb/
2026-03-12 15:31:07,716 - INFO -     -> https://secure.meetupstatic.com/photos/event/9/b/3/7/600_451119735.jpeg
2026-03-12 15:31:07,716 - INFO -   Fetching image for: https://www.meetup.com/padnug/events/cfllmtyjchbzb/
2026-03-12 15:31:08,567 - INFO -     -> https://secure.meetupstatic.com/photos/event/9/b/3/7/600_451119735.jpeg
2026-03-12 15:31:08,568 - INFO - meetup_padnug.ics: added 10 image(s)
2026-03-12 15:31:08,568 - INFO - Processing meetup_paint_and_sip.ics...
2026-03-12 15:31:08,568 - INFO -   Fetching image for: https://www.meetup.com/pop-up-paint-and-sip/events/313672704/
2026-03-12 15:31:09,414 - INFO -     -> https://secure.meetupstatic.com/photos/event/5/e/3/4/600_533064116.jpeg
2026-03-12 15:31:09,414 - INFO -   Fetching image for: https://www.meetup.com/pop-up-paint-and-sip/events/313672982/
2026-03-12 15:31:10,234 - INFO -     -> https://secure.meetupstatic.com/photos/event/5/e/7/9/600_533064185.jpeg
2026-03-12 15:31:10,234 - INFO -   Fetching image for: https://www.meetup.com/pop-up-paint-and-sip/events/313573395/
2026-03-12 15:31:11,187 - INFO -     -> https://secure.meetupstatic.com/photos/event/9/0/6/3/600_532956963.jpeg
2026-03-12 15:31:11,187 - INFO -   Fetching image for: https://www.meetup.com/pop-up-paint-and-sip/events/313704946/
2026-03-12 15:31:12,454 - INFO -     -> https://secure.meetupstatic.com/photos/event/2/4/c/0/600_533109408.jpeg
2026-03-12 15:31:12,454 - INFO -   Fetching image for: https://www.meetup.com/pop-up-paint-and-sip/events/313715143/
2026-03-12 15:31:13,311 - INFO -     -> https://secure.meetupstatic.com/photos/event/5/4/6/7/600_533121607.jpeg
2026-03-12 15:31:13,311 - INFO -   Fetching image for: https://www.meetup.com/pop-up-paint-and-sip/events/313717410/
2026-03-12 15:31:14,189 - INFO -     -> https://secure.meetupstatic.com/photos/event/5/b/a/0/600_533123456.jpeg
2026-03-12 15:31:14,190 - INFO - meetup_paint_and_sip.ics: added 6 image(s)
2026-03-12 15:31:14,190 - INFO - Processing meetup_pdxcpp.ics...
2026-03-12 15:31:14,190 - INFO -   Fetching image for: https://www.meetup.com/pdxcpp/events/312937491/
2026-03-12 15:31:15,045 - INFO -     -> https://secure.meetupstatic.com/photos/event/7/5/d/e/600_473430174.jpeg
2026-03-12 15:31:15,046 - INFO -   Fetching image for: https://www.meetup.com/pdxcpp/events/312937493/
2026-03-12 15:31:15,858 - INFO -     -> https://secure.meetupstatic.com/photos/event/7/5/d/e/600_473430174.jpeg
2026-03-12 15:31:15,859 - INFO -   Fetching image for: https://www.meetup.com/pdxcpp/events/312937495/
2026-03-12 15:31:16,951 - INFO -     -> https://secure.meetupstatic.com/photos/event/7/5/d/e/600_473430174.jpeg
2026-03-12 15:31:16,952 - INFO -   Fetching image for: https://www.meetup.com/pdxcpp/events/312937500/
2026-03-12 15:31:17,770 - INFO -     -> https://secure.meetupstatic.com/photos/event/7/5/d/e/600_473430174.jpeg
2026-03-12 15:31:17,771 - INFO -   Fetching image for: https://www.meetup.com/pdxcpp/events/fvprbtyjckbcc/
2026-03-12 15:31:18,640 - INFO -     -> https://secure.meetupstatic.com/photos/event/7/5/d/e/600_473430174.jpeg
2026-03-12 15:31:18,640 - INFO -   Fetching image for: https://www.meetup.com/pdxcpp/events/fvprbtyjclbxb/
2026-03-12 15:31:19,484 - INFO -     -> https://secure.meetupstatic.com/photos/event/7/5/d/e/600_473430174.jpeg
2026-03-12 15:31:19,485 - INFO -   Fetching image for: https://www.meetup.com/pdxcpp/events/fvprbtyjcmbtb/
2026-03-12 15:31:20,382 - INFO -     -> https://secure.meetupstatic.com/photos/event/7/5/d/e/600_473430174.jpeg
2026-03-12 15:31:20,383 - INFO -   Fetching image for: https://www.meetup.com/pdxcpp/events/fvprbtyjcnbbc/
2026-03-12 15:31:21,229 - INFO -     -> https://secure.meetupstatic.com/photos/event/7/5/d/e/600_473430174.jpeg
2026-03-12 15:31:21,229 - INFO -   Fetching image for: https://www.meetup.com/pdxcpp/events/fvprbtyjcpbwb/
2026-03-12 15:31:22,514 - INFO -     -> https://secure.meetupstatic.com/photos/event/7/5/d/e/600_473430174.jpeg
2026-03-12 15:31:22,514 - INFO -   Fetching image for: https://www.meetup.com/pdxcpp/events/fvprbtyjcqbtb/
2026-03-12 15:31:23,328 - INFO -     -> https://secure.meetupstatic.com/photos/event/7/5/d/e/600_473430174.jpeg
2026-03-12 15:31:23,328 - INFO - meetup_pdxcpp.ics: added 10 image(s)
2026-03-12 15:31:23,328 - INFO - Processing meetup_pdxgames.ics...
2026-03-12 15:31:23,329 - INFO -   Fetching image for: https://www.meetup.com/pdxgames/events/313457140/
2026-03-12 15:31:24,190 - INFO -     -> https://secure.meetupstatic.com/photos/event/f/5/5/600_519903925.jpeg
2026-03-12 15:31:24,190 - INFO -   Fetching image for: https://www.meetup.com/pdxgames/events/313457247/
2026-03-12 15:31:25,010 - INFO -     -> https://secure.meetupstatic.com/photos/event/a/b/0/1/600_532063777.jpeg
2026-03-12 15:31:25,010 - INFO -   Fetching image for: https://www.meetup.com/pdxgames/events/313456699/
2026-03-12 15:31:25,820 - INFO -     -> https://secure.meetupstatic.com/photos/event/b/d/f/2/600_519528626.jpeg
2026-03-12 15:31:25,820 - INFO -   Fetching image for: https://www.meetup.com/pdxgames/events/313198924/
2026-03-12 15:31:26,622 - INFO -     -> https://secure.meetupstatic.com/photos/event/3/5/b/d/600_518593757.jpeg
2026-03-12 15:31:26,623 - INFO -   Fetching image for: https://www.meetup.com/pdxgames/events/313457101/
2026-03-12 15:31:27,481 - INFO -     -> https://secure.meetupstatic.com/photos/event/5/a/2/0/600_513263072.jpeg
2026-03-12 15:31:27,481 - INFO -   Fetching image for: https://www.meetup.com/pdxgames/events/313457745/
2026-03-12 15:31:28,332 - INFO -     -> https://secure.meetupstatic.com/photos/event/1/4/e/0/600_532145344.jpeg
2026-03-12 15:31:28,332 - INFO -   Fetching image for: https://www.meetup.com/pdxgames/events/313457990/
2026-03-12 15:31:29,192 - INFO -     -> https://secure.meetupstatic.com/photos/event/4/2/d/1/600_532217105.jpeg
2026-03-12 15:31:29,192 - INFO -   Fetching image for: https://www.meetup.com/pdxgames/events/313470491/
2026-03-12 15:31:30,360 - INFO -     -> https://secure.meetupstatic.com/photos/event/b/c/e/8/600_531348360.jpeg
2026-03-12 15:31:30,361 - INFO -   Fetching image for: https://www.meetup.com/pdxgames/events/313481725/
2026-03-12 15:31:31,173 - INFO -     -> https://secure.meetupstatic.com/photos/event/b/5/f/d/600_526426589.jpeg
2026-03-12 15:31:31,173 - INFO -   Fetching image for: https://www.meetup.com/pdxgames/events/313481847/
2026-03-12 15:31:32,004 - INFO -     -> https://secure.meetupstatic.com/photos/event/3/d/e/4/600_491655844.jpeg
2026-03-12 15:31:32,005 - INFO - meetup_pdxgames.ics: added 10 image(s)
2026-03-12 15:31:32,005 - INFO - Processing meetup_portland_2030.ics...
2026-03-12 15:31:32,005 - INFO -   Fetching image for: https://www.meetup.com/portland-2030-coffee-bars-and-hiking/events/312757943/
2026-03-12 15:31:32,942 - INFO -     -> https://secure.meetupstatic.com/photos/event/6/b/8/f/600_531807535.jpeg
2026-03-12 15:31:32,942 - INFO -   Fetching image for: https://www.meetup.com/portland-2030-coffee-bars-and-hiking/events/312757944/
2026-03-12 15:31:33,856 - INFO -     -> https://secure.meetupstatic.com/photos/event/6/b/8/f/600_531807535.jpeg
2026-03-12 15:31:33,856 - INFO -   Fetching image for: https://www.meetup.com/portland-2030-coffee-bars-and-hiking/events/313192357/
2026-03-12 15:31:34,689 - INFO -     -> https://secure.meetupstatic.com/photos/event/6/b/8/f/600_531807535.jpeg
2026-03-12 15:31:34,690 - INFO -   Fetching image for: https://www.meetup.com/portland-2030-coffee-bars-and-hiking/events/313471682/
2026-03-12 15:31:35,582 - INFO -     -> https://secure.meetupstatic.com/photos/event/6/b/8/f/600_531807535.jpeg
2026-03-12 15:31:35,582 - INFO -   Fetching image for: https://www.meetup.com/portland-2030-coffee-bars-and-hiking/events/313466799/
2026-03-12 15:31:36,462 - INFO -     -> https://secure.meetupstatic.com/photos/event/9/1/0/b/600_519457131.jpeg
2026-03-12 15:31:36,463 - INFO -   Fetching image for: https://www.meetup.com/portland-2030-coffee-bars-and-hiking/events/313471683/
2026-03-12 15:31:37,339 - INFO -     -> https://secure.meetupstatic.com/photos/event/6/b/8/f/600_531807535.jpeg
2026-03-12 15:31:37,339 - INFO -   Fetching image for: https://www.meetup.com/portland-2030-coffee-bars-and-hiking/events/313471684/
2026-03-12 15:31:38,515 - INFO -     -> https://secure.meetupstatic.com/photos/event/6/b/8/f/600_531807535.jpeg
2026-03-12 15:31:38,515 - INFO -   Fetching image for: https://www.meetup.com/portland-2030-coffee-bars-and-hiking/events/313471685/
2026-03-12 15:31:39,475 - INFO -     -> https://secure.meetupstatic.com/photos/event/6/b/8/f/600_531807535.jpeg
2026-03-12 15:31:39,475 - INFO - meetup_portland_2030.ics: added 8 image(s)
2026-03-12 15:31:39,475 - INFO - Processing meetup_portland_city_walking.ics...
2026-03-12 15:31:39,476 - INFO -   Fetching image for: https://www.meetup.com/portland-city-walking-and-trail-walking-meetup-group/events/313449416/
2026-03-12 15:31:40,409 - INFO -     -> https://secure.meetupstatic.com/photos/event/7/d/7/e/600_529352126.jpeg
2026-03-12 15:31:40,409 - INFO -   Fetching image for: https://www.meetup.com/portland-city-walking-and-trail-walking-meetup-group/events/313706684/
2026-03-12 15:31:41,321 - INFO -     -> https://secure.meetupstatic.com/photos/event/3/7/2/f/600_531914127.jpeg
2026-03-12 15:31:41,322 - INFO -   Fetching image for: https://www.meetup.com/portland-city-walking-and-trail-walking-meetup-group/events/313069312/
2026-03-12 15:31:42,346 - INFO -     -> https://secure.meetupstatic.com/photos/event/d/2/a/7/600_507713927.jpeg
2026-03-12 15:31:42,347 - INFO -   Fetching image for: https://www.meetup.com/portland-city-walking-and-trail-walking-meetup-group/events/313746621/
2026-03-12 15:31:43,158 - INFO -     -> https://secure.meetupstatic.com/photos/event/5/b/f/c/600_515723548.jpeg
2026-03-12 15:31:43,159 - INFO -   Fetching image for: https://www.meetup.com/portland-city-walking-and-trail-walking-meetup-group/events/313734783/
2026-03-12 15:31:44,006 - INFO -     -> https://secure.meetupstatic.com/photos/event/6/a/b/2/600_532767314.jpeg
2026-03-12 15:31:44,006 - INFO -   Fetching image for: https://www.meetup.com/portland-city-walking-and-trail-walking-meetup-group/events/313527283/
2026-03-12 15:31:44,792 - INFO -     -> https://secure.meetupstatic.com/photos/event/7/d/7/e/600_529352126.jpeg
2026-03-12 15:31:44,792 - INFO -   Fetching image for: https://www.meetup.com/portland-city-walking-and-trail-walking-meetup-group/events/313727467/
2026-03-12 15:31:45,716 - INFO -     -> https://secure.meetupstatic.com/photos/event/8/5/0/f/600_533134063.jpeg
2026-03-12 15:31:45,717 - INFO -   Fetching image for: https://www.meetup.com/portland-city-walking-and-trail-walking-meetup-group/events/313403966/
2026-03-12 15:31:46,554 - INFO -     -> https://secure.meetupstatic.com/photos/event/d/2/a/7/600_507713927.jpeg
2026-03-12 15:31:46,554 - INFO -   Fetching image for: https://www.meetup.com/portland-city-walking-and-trail-walking-meetup-group/events/313721157/
2026-03-12 15:31:47,383 - INFO -     -> https://secure.meetupstatic.com/photos/event/3/7/2/f/600_531914127.jpeg
2026-03-12 15:31:47,383 - INFO -   Fetching image for: https://www.meetup.com/portland-city-walking-and-trail-walking-meetup-group/events/313734803/
2026-03-12 15:31:48,216 - INFO -     -> https://secure.meetupstatic.com/photos/event/3/7/2/f/600_531914127.jpeg
2026-03-12 15:31:48,217 - INFO - meetup_portland_city_walking.ics: added 10 image(s)
2026-03-12 15:31:48,217 - INFO - Processing meetup_portland_code_coffee.ics...
2026-03-12 15:31:48,218 - INFO -   Fetching image for: https://www.meetup.com/portland-code-coffee/events/313453514/
2026-03-12 15:31:49,045 - INFO -     -> https://secure.meetupstatic.com/photos/event/9/6/0/a/600_524858410.jpeg
2026-03-12 15:31:49,045 - INFO -   Fetching image for: https://www.meetup.com/portland-code-coffee/events/313331045/
2026-03-12 15:31:49,973 - INFO -     -> https://secure.meetupstatic.com/photos/event/9/6/0/a/600_524858410.jpeg
2026-03-12 15:31:49,973 - INFO -   Fetching image for: https://www.meetup.com/portland-code-coffee/events/312937865/
2026-03-12 15:31:50,772 - INFO -     -> https://secure.meetupstatic.com/photos/event/1/5/7/c/600_522305500.jpeg
2026-03-12 15:31:50,772 - INFO -   Fetching image for: https://www.meetup.com/portland-code-coffee/events/313619903/
2026-03-12 15:31:51,613 - INFO -     -> https://secure.meetupstatic.com/photos/event/9/6/0/a/600_524858410.jpeg
2026-03-12 15:31:51,613 - INFO -   Fetching image for: https://www.meetup.com/portland-code-coffee/events/313728474/
2026-03-12 15:31:52,455 - INFO -     -> https://secure.meetupstatic.com/photos/event/9/6/0/a/600_524858410.jpeg
2026-03-12 15:31:52,455 - INFO -   Fetching image for: https://www.meetup.com/portland-code-coffee/events/lxkgwtyjcgbjb/
2026-03-12 15:31:53,309 - INFO -     -> https://secure.meetupstatic.com/photos/event/9/6/0/a/600_524858410.jpeg
2026-03-12 15:31:53,309 - INFO -   Fetching image for: https://www.meetup.com/portland-code-coffee/events/lxkgwtyjcgbrb/
2026-03-12 15:31:54,135 - INFO -     -> https://secure.meetupstatic.com/photos/event/9/6/0/a/600_524858410.jpeg
2026-03-12 15:31:54,135 - INFO -   Fetching image for: https://www.meetup.com/portland-code-coffee/events/313458792/
2026-03-12 15:31:55,574 - INFO -     -> https://secure.meetupstatic.com/photos/event/1/5/7/c/600_522305500.jpeg
2026-03-12 15:31:55,574 - INFO -   Fetching image for: https://www.meetup.com/portland-code-coffee/events/lxkgwtyjcgbbc/
2026-03-12 15:31:56,449 - INFO -     -> https://secure.meetupstatic.com/photos/event/9/6/0/a/600_524858410.jpeg
2026-03-12 15:31:56,450 - INFO -   Fetching image for: https://www.meetup.com/portland-code-coffee/events/lxkgwtyjcgbkc/
2026-03-12 15:31:57,265 - INFO -     -> https://secure.meetupstatic.com/photos/event/9/6/0/a/600_524858410.jpeg
2026-03-12 15:31:57,265 - INFO - meetup_portland_code_coffee.ics: added 10 image(s)
2026-03-12 15:31:57,266 - INFO - Processing meetup_portland_fun_run.ics...
2026-03-12 15:31:57,266 - INFO -   Fetching image for: https://www.meetup.com/portland-fun-run/events/313552921/
2026-03-12 15:31:58,085 - INFO -     -> https://secure.meetupstatic.com/photos/event/5/a/6/1/600_503363137.jpeg
2026-03-12 15:31:58,085 - INFO -   Fetching image for: https://www.meetup.com/portland-fun-run/events/313661929/
2026-03-12 15:32:00,143 - INFO -     -> https://secure.meetupstatic.com/photos/event/5/a/6/1/600_503363137.jpeg
2026-03-12 15:32:00,144 - INFO -   Fetching image for: https://www.meetup.com/portland-fun-run/events/wxqxvtyjcgbcb/
2026-03-12 15:32:01,264 - INFO -     -> https://secure.meetupstatic.com/photos/event/5/a/6/1/600_503363137.jpeg
2026-03-12 15:32:01,264 - INFO -   Fetching image for: https://www.meetup.com/portland-fun-run/events/wxqxvtyjcgblb/
2026-03-12 15:32:04,267 - INFO -     -> https://secure.meetupstatic.com/photos/event/5/a/6/1/600_503363137.jpeg
2026-03-12 15:32:04,267 - INFO -   Fetching image for: https://www.meetup.com/portland-fun-run/events/wxqxvtyjcgbtb/
2026-03-12 15:32:05,260 - INFO -     -> https://secure.meetupstatic.com/photos/event/5/a/6/1/600_503363137.jpeg
2026-03-12 15:32:05,260 - INFO -   Fetching image for: https://www.meetup.com/portland-fun-run/events/wxqxvtyjcgbdc/
2026-03-12 15:32:06,075 - INFO -     -> https://secure.meetupstatic.com/photos/event/5/a/6/1/600_503363137.jpeg
2026-03-12 15:32:06,075 - INFO -   Fetching image for: https://www.meetup.com/portland-fun-run/events/wxqxvtyjcgbmc/
2026-03-12 15:32:06,913 - INFO -     -> https://secure.meetupstatic.com/photos/event/5/a/6/1/600_503363137.jpeg
2026-03-12 15:32:06,913 - INFO -   Fetching image for: https://www.meetup.com/portland-fun-run/events/wxqxvtyjchbjb/
2026-03-12 15:32:07,989 - INFO -     -> https://secure.meetupstatic.com/photos/event/5/a/6/1/600_503363137.jpeg
2026-03-12 15:32:07,990 - INFO -   Fetching image for: https://www.meetup.com/portland-fun-run/events/wxqxvtyjchbrb/
2026-03-12 15:32:08,885 - INFO -     -> https://secure.meetupstatic.com/photos/event/5/a/6/1/600_503363137.jpeg
2026-03-12 15:32:08,885 - INFO -   Fetching image for: https://www.meetup.com/portland-fun-run/events/wxqxvtyjchbbc/
2026-03-12 15:32:09,808 - INFO -     -> https://secure.meetupstatic.com/photos/event/5/a/6/1/600_503363137.jpeg
2026-03-12 15:32:09,809 - INFO - meetup_portland_fun_run.ics: added 10 image(s)
2026-03-12 15:32:09,809 - INFO - Processing meetup_portland_hiking.ics...
2026-03-12 15:32:09,809 - INFO -   Fetching image for: https://www.meetup.com/the-portland-hiking-meetup-group/events/313694225/
2026-03-12 15:32:10,630 - INFO -     -> https://secure.meetupstatic.com/photos/event/d/0/7/5/600_533093365.jpeg
2026-03-12 15:32:10,631 - INFO -   Fetching image for: https://www.meetup.com/the-portland-hiking-meetup-group/events/312735326/
2026-03-12 15:32:11,549 - INFO -     -> https://secure.meetupstatic.com/photos/event/5/7/a/0/600_506902432.jpeg
2026-03-12 15:32:11,549 - INFO -   Fetching image for: https://www.meetup.com/the-portland-hiking-meetup-group/events/313526556/
2026-03-12 15:32:13,854 - INFO -     -> https://secure.meetupstatic.com/photos/event/d/b/c/8/600_532916264.jpeg
2026-03-12 15:32:13,855 - INFO -   Fetching image for: https://www.meetup.com/the-portland-hiking-meetup-group/events/313495323/
2026-03-12 15:32:14,750 - INFO -     -> https://secure.meetupstatic.com/photos/event/6/b/7/b/600_532887515.jpeg
2026-03-12 15:32:14,750 - INFO -   Fetching image for: https://www.meetup.com/the-portland-hiking-meetup-group/events/313044868/
2026-03-12 15:32:15,622 - INFO -     -> https://secure.meetupstatic.com/photos/event/5/7/a/0/600_506902432.jpeg
2026-03-12 15:32:15,622 - INFO -   Fetching image for: https://www.meetup.com/the-portland-hiking-meetup-group/events/313044914/
2026-03-12 15:32:16,444 - INFO -     -> https://secure.meetupstatic.com/photos/event/5/7/a/0/600_506902432.jpeg
2026-03-12 15:32:16,444 - INFO -   Fetching image for: https://www.meetup.com/the-portland-hiking-meetup-group/events/313141507/
2026-03-12 15:32:17,328 - INFO -     -> https://secure.meetupstatic.com/photos/event/5/7/a/0/600_506902432.jpeg
2026-03-12 15:32:17,328 - INFO -   Fetching image for: https://www.meetup.com/the-portland-hiking-meetup-group/events/313141509/
2026-03-12 15:32:18,129 - INFO -     -> https://secure.meetupstatic.com/photos/event/5/7/a/0/600_506902432.jpeg
2026-03-12 15:32:18,129 - INFO -   Fetching image for: https://www.meetup.com/the-portland-hiking-meetup-group/events/313141510/
2026-03-12 15:32:18,969 - INFO -     -> https://secure.meetupstatic.com/photos/event/5/7/a/0/600_506902432.jpeg
2026-03-12 15:32:18,969 - INFO -   Fetching image for: https://www.meetup.com/the-portland-hiking-meetup-group/events/313141511/
2026-03-12 15:32:19,808 - INFO -     -> https://secure.meetupstatic.com/photos/event/5/7/a/0/600_506902432.jpeg
2026-03-12 15:32:19,808 - INFO - meetup_portland_hiking.ics: added 10 image(s)
2026-03-12 15:32:19,808 - INFO - Processing meetup_portland_outdoors.ics...
2026-03-12 15:32:19,809 - INFO -   Fetching image for: https://www.meetup.com/portland-outdoors-20s-and-30s-hiking-group/events/313258408/
2026-03-12 15:32:20,708 - INFO -     -> https://secure.meetupstatic.com/photos/event/6/2/7/0/600_523105200.jpeg
2026-03-12 15:32:20,708 - INFO -   Fetching image for: https://www.meetup.com/portland-outdoors-20s-and-30s-hiking-group/events/311399125/
2026-03-12 15:32:21,633 - INFO -     -> https://secure.meetupstatic.com/photos/event/6/2/7/0/600_523105200.jpeg
2026-03-12 15:32:21,633 - INFO -   Fetching image for: https://www.meetup.com/portland-outdoors-20s-and-30s-hiking-group/events/313258409/
2026-03-12 15:32:22,528 - INFO -     -> https://secure.meetupstatic.com/photos/event/6/2/7/0/600_523105200.jpeg
2026-03-12 15:32:22,528 - INFO -   Fetching image for: https://www.meetup.com/portland-outdoors-20s-and-30s-hiking-group/events/313667146/
2026-03-12 15:32:23,573 - INFO -     -> https://secure.meetupstatic.com/photos/event/6/2/7/0/600_523105200.jpeg
2026-03-12 15:32:23,574 - INFO -   Fetching image for: https://www.meetup.com/portland-outdoors-20s-and-30s-hiking-group/events/311399147/
2026-03-12 15:32:24,589 - INFO -     -> https://secure.meetupstatic.com/photos/event/6/2/7/0/600_523105200.jpeg
2026-03-12 15:32:24,589 - INFO -   Fetching image for: https://www.meetup.com/portland-outdoors-20s-and-30s-hiking-group/events/313036864/
2026-03-12 15:32:25,507 - INFO -     -> https://secure.meetupstatic.com/photos/event/6/2/7/0/600_523105200.jpeg
2026-03-12 15:32:25,508 - INFO -   Fetching image for: https://www.meetup.com/portland-outdoors-20s-and-30s-hiking-group/events/313036865/
2026-03-12 15:32:26,370 - INFO -     -> https://secure.meetupstatic.com/photos/event/6/2/7/0/600_523105200.jpeg
2026-03-12 15:32:26,370 - INFO -   Fetching image for: https://www.meetup.com/portland-outdoors-20s-and-30s-hiking-group/events/311399189/
2026-03-12 15:32:27,190 - INFO -     -> https://secure.meetupstatic.com/photos/event/6/2/7/0/600_523105200.jpeg
2026-03-12 15:32:27,190 - INFO -   Fetching image for: https://www.meetup.com/portland-outdoors-20s-and-30s-hiking-group/events/vdtxrtyjcgbcc/
2026-03-12 15:32:28,469 - INFO -     -> https://secure.meetupstatic.com/photos/event/6/2/7/0/600_523105200.jpeg
2026-03-12 15:32:28,469 - INFO -   Fetching image for: https://www.meetup.com/portland-outdoors-20s-and-30s-hiking-group/events/vdtxrtyjcgblc/
2026-03-12 15:32:29,356 - INFO -     -> https://secure.meetupstatic.com/photos/event/6/2/7/0/600_523105200.jpeg
2026-03-12 15:32:29,357 - INFO - meetup_portland_outdoors.ics: added 10 image(s)
2026-03-12 15:32:29,357 - INFO - Processing meetup_portland_running_co.ics...
2026-03-12 15:32:29,357 - INFO -   Fetching image for: https://www.meetup.com/portland-running-co-weekly-group-runs/events/313456327/
2026-03-12 15:32:30,204 - INFO -     -> https://secure.meetupstatic.com/photos/event/7/a/7/5/600_487531349.jpeg
2026-03-12 15:32:30,204 - INFO -   Fetching image for: https://www.meetup.com/portland-running-co-weekly-group-runs/events/313492810/
2026-03-12 15:32:31,491 - INFO -     -> https://secure.meetupstatic.com/photos/event/4/a/7/7/600_459139063.jpeg
2026-03-12 15:32:31,491 - INFO -   Fetching image for: https://www.meetup.com/portland-running-co-weekly-group-runs/events/313516471/
2026-03-12 15:32:32,306 - INFO -     -> https://secure.meetupstatic.com/photos/event/4/a/7/7/600_459139063.jpeg
2026-03-12 15:32:32,306 - INFO -   Fetching image for: https://www.meetup.com/portland-running-co-weekly-group-runs/events/313517773/
2026-03-12 15:32:33,127 - INFO -     -> https://secure.meetupstatic.com/photos/event/1/d/c/600_510180476.jpeg
2026-03-12 15:32:33,127 - INFO -   Fetching image for: https://www.meetup.com/portland-running-co-weekly-group-runs/events/313535162/
2026-03-12 15:32:33,942 - INFO -     -> https://secure.meetupstatic.com/photos/event/4/a/7/7/600_459139063.jpeg
2026-03-12 15:32:33,942 - INFO -   Fetching image for: https://www.meetup.com/portland-running-co-weekly-group-runs/events/313568367/
2026-03-12 15:32:34,842 - INFO -     -> https://secure.meetupstatic.com/photos/event/7/a/7/5/600_487531349.jpeg
2026-03-12 15:32:34,842 - INFO -   Fetching image for: https://www.meetup.com/portland-running-co-weekly-group-runs/events/313604060/
2026-03-12 15:32:35,775 - INFO -     -> https://secure.meetupstatic.com/photos/event/4/a/7/7/600_459139063.jpeg
2026-03-12 15:32:35,775 - INFO -   Fetching image for: https://www.meetup.com/portland-running-co-weekly-group-runs/events/313458618/
2026-03-12 15:32:36,751 - INFO -     -> https://secure.meetupstatic.com/photos/event/4/a/7/7/600_459139063.jpeg
2026-03-12 15:32:36,751 - INFO -   Fetching image for: https://www.meetup.com/portland-running-co-weekly-group-runs/events/313628208/
2026-03-12 15:32:37,608 - INFO -     -> https://secure.meetupstatic.com/photos/event/1/d/c/600_510180476.jpeg
2026-03-12 15:32:37,609 - INFO -   Fetching image for: https://www.meetup.com/portland-running-co-weekly-group-runs/events/313643992/
2026-03-12 15:32:38,488 - INFO -     -> https://secure.meetupstatic.com/photos/event/4/a/7/7/600_459139063.jpeg
2026-03-12 15:32:38,488 - INFO - meetup_portland_running_co.ics: added 10 image(s)
2026-03-12 15:32:38,488 - INFO - Processing meetup_portland_trail_runners.ics...
2026-03-12 15:32:38,489 - INFO -   Fetching image for: https://www.meetup.com/portland-trail-runners-group/events/313591914/
2026-03-12 15:32:39,589 - INFO -     -> https://secure.meetupstatic.com/photos/event/2/0/f/0/600_532988432.jpeg
2026-03-12 15:32:39,590 - INFO -   Fetching image for: https://www.meetup.com/portland-trail-runners-group/events/313682975/
2026-03-12 15:32:40,668 - INFO -     -> https://secure.meetupstatic.com/photos/event/5/7/1/7/600_531442295.jpeg
2026-03-12 15:32:40,668 - INFO -   Fetching image for: https://www.meetup.com/portland-trail-runners-group/events/313518505/
2026-03-12 15:32:41,539 - INFO -     -> https://secure.meetupstatic.com/photos/event/c/0/c/0/600_532909344.jpeg
2026-03-12 15:32:41,539 - INFO -   Fetching image for: https://www.meetup.com/portland-trail-runners-group/events/313580417/
2026-03-12 15:32:42,362 - INFO -     -> https://secure.meetupstatic.com/photos/event/c/7/8/0/600_532971072.jpeg
2026-03-12 15:32:42,363 - INFO - meetup_portland_trail_runners.ics: added 4 image(s)
2026-03-12 15:32:42,363 - INFO - Processing meetup_silent_book_club_portland.ics...
2026-03-12 15:32:42,363 - INFO -   Fetching image for: https://www.meetup.com/silent-book-club-portland/events/313752057/
2026-03-12 15:32:43,257 - INFO -     -> https://secure.meetupstatic.com/photos/event/e/0/5/e/600_533157438.jpeg
2026-03-12 15:32:43,258 - INFO - meetup_silent_book_club_portland.ics: added 1 image(s)
2026-03-12 15:32:43,258 - INFO - Processing meetup_silent_books_club.ics...
2026-03-12 15:32:43,258 - INFO -   Fetching image for: https://www.meetup.com/silent-books-club/events/313737378/
2026-03-12 15:32:44,062 - INFO -     -> https://secure.meetupstatic.com/photos/event/d/d/9/e/600_520916734.jpeg
2026-03-12 15:32:44,063 - INFO - meetup_silent_books_club.ics: added 1 image(s)
2026-03-12 15:32:44,063 - INFO - Processing meetup_slowpo_runners.ics...
2026-03-12 15:32:44,063 - INFO -   Fetching image for: https://www.meetup.com/slowpo-runners/events/313479056/
2026-03-12 15:32:44,920 - INFO -     -> https://secure.meetupstatic.com/photos/event/2/2/a/5/600_483428869.jpeg
2026-03-12 15:32:44,920 - INFO -   Fetching image for: https://www.meetup.com/slowpo-runners/events/313590195/
2026-03-12 15:32:45,729 - INFO -     -> https://secure.meetupstatic.com/photos/event/2/2/a/5/600_483428869.jpeg
2026-03-12 15:32:45,730 - INFO -   Fetching image for: https://www.meetup.com/slowpo-runners/events/313697336/
2026-03-12 15:32:46,587 - INFO -     -> https://secure.meetupstatic.com/photos/event/2/2/a/5/600_483428869.jpeg
2026-03-12 15:32:46,587 - INFO -   Fetching image for: https://www.meetup.com/slowpo-runners/events/jdwfgtyjcgbgb/
2026-03-12 15:32:47,401 - INFO -     -> https://secure.meetupstatic.com/photos/event/2/2/a/5/600_483428869.jpeg
2026-03-12 15:32:47,401 - INFO -   Fetching image for: https://www.meetup.com/slowpo-runners/events/jdwfgtyjcgbpb/
2026-03-12 15:32:48,238 - INFO -     -> https://secure.meetupstatic.com/photos/event/2/2/a/5/600_483428869.jpeg
2026-03-12 15:32:48,238 - INFO -   Fetching image for: https://www.meetup.com/slowpo-runners/events/jdwfgtyjcgbxb/
2026-03-12 15:32:49,133 - INFO -     -> https://secure.meetupstatic.com/photos/event/2/2/a/5/600_483428869.jpeg
2026-03-12 15:32:49,133 - INFO -   Fetching image for: https://www.meetup.com/slowpo-runners/events/jdwfgtyjcgbhc/
2026-03-12 15:32:49,965 - INFO -     -> https://secure.meetupstatic.com/photos/event/2/2/a/5/600_483428869.jpeg
2026-03-12 15:32:49,965 - INFO -   Fetching image for: https://www.meetup.com/slowpo-runners/events/jdwfgtyjchbdb/
2026-03-12 15:32:50,828 - INFO -     -> https://secure.meetupstatic.com/photos/event/2/2/a/5/600_483428869.jpeg
2026-03-12 15:32:50,828 - INFO -   Fetching image for: https://www.meetup.com/slowpo-runners/events/jdwfgtyjchbmb/
2026-03-12 15:32:51,710 - INFO -     -> https://secure.meetupstatic.com/photos/event/2/2/a/5/600_483428869.jpeg
2026-03-12 15:32:51,710 - INFO -   Fetching image for: https://www.meetup.com/slowpo-runners/events/jdwfgtyjchbvb/
2026-03-12 15:32:52,519 - INFO -     -> https://secure.meetupstatic.com/photos/event/2/2/a/5/600_483428869.jpeg
2026-03-12 15:32:52,519 - INFO - meetup_slowpo_runners.ics: added 10 image(s)
2026-03-12 15:32:52,519 - INFO - Processing meetup_techacademy.ics...
2026-03-12 15:32:52,520 - INFO -   Fetching image for: https://www.meetup.com/techacademy/events/313637928/
2026-03-12 15:32:53,333 - INFO -     -> https://secure.meetupstatic.com/photos/event/5/5/5/f/600_533121855.jpeg
2026-03-12 15:32:53,333 - INFO -   Fetching image for: https://www.meetup.com/techacademy/events/313544163/
2026-03-12 15:32:54,366 - INFO -     -> https://secure.meetupstatic.com/photos/event/2/b/6/c/600_532931116.jpeg
2026-03-12 15:32:54,366 - INFO - meetup_techacademy.ics: added 2 image(s)
2026-03-12 15:32:54,366 - INFO - Processing meetup_womens_wanderers.ics...
2026-03-12 15:32:54,367 - INFO -   Fetching image for: https://www.meetup.com/womens-wednesday-wanderers/events/313222187/
2026-03-12 15:32:55,196 - INFO -     -> https://secure.meetupstatic.com/photos/event/8/5/2/f/600_525034095.jpeg
2026-03-12 15:32:55,197 - INFO -   Fetching image for: https://www.meetup.com/womens-wednesday-wanderers/events/313222220/
2026-03-12 15:32:56,077 - INFO -     -> https://secure.meetupstatic.com/photos/event/c/a/f/6/600_516351958.jpeg
2026-03-12 15:32:56,077 - INFO - meetup_womens_wanderers.ics: added 2 image(s)
2026-03-12 15:32:56,078 - INFO - Done. Total images added: 153
